0.781 
0.001 
0.781 
0.043 
0.881 
0.185 
0.777 
0.001 
0.777 
0.040 
0.932 
0.182 
0.959 
0.027 
0.959 
0.007 
0.910 
0.028 
0.753 
0.004 
0.753 
0.002 
0.597 
0.020 
0.515 
0.001 
0.515 
0.091 
0.679 
0.242 
0.712 
0.013 
0.712 
0.157 
0.485 
0.085 
0.150 
0.001 
0.150 
0.049 
0.084 
0.008 
0.356 
0.004 
0.356 
0.105 
0.154 
0.041 
0.885 
0.024 
0.885 
0.056 
0.721 
0.052 
0.534 
0.005 
0.534 
0.010 
0.412 
0.076 
0.661 
0.009 
0.661 
0.065 
0.298 
0.332 
0.725 
0.001 
0.725 
0.041 
0.638 
0.054 
0.362 
0.003 
0.362 
0.015 
0.574 
0.346 
0.612 
0.002 
0.612 
0.045 
0.779 
0.064 
0.347 
0.002 
0.347 
0.035 
0.499 
0.021 
0.209 
0.003 
0.209 
0.040 
0.289 
0.075 
0.594 
0.009 
0.594 
0.008 
0.797 
0.065 
0.904 
0.003 
0.904 
0.086 
0.866 
0.011 
0.378 
0.001 
0.378 
0.005 
0.613 
0.024 
0.393 
0.003 
0.393 
0.032 
0.565 
0.023 
0.790 
0.002 
0.790 
0.009 
0.807 
0.052 
0.888 
0.002 
0.888 
0.016 
0.928 
0.156 
0.813 
0.008 
0.813 
0.078 
0.885 
0.243 
0.589 
0.000 
0.589 
0.035 
0.662 
0.064 
0.932 
0.012 
0.932 
0.003 
0.814 
0.079 
0.724 
0.004 
0.724 
0.011 
0.602 
0.069 
0.745 
0.011 
0.745 
0.036 
0.875 
0.110 
0.639 
0.003 
0.639 
0.021 
0.843 
0.083 
0.958 
0.083 
0.958 
0.145 
0.941 
0.600 
0.860 
0.021 
0.860 
0.130 
0.958 
0.353 
0.913 
0.030 
0.913 
0.028 
0.925 
0.053 
0.944 
0.038 
0.944 
0.020 
0.979 
0.002 
0.773 
0.112 
0.773 
0.050 
0.775 
0.012 
0.408 
0.002 
0.408 
0.191 
0.368 
0.169 
0.961 
0.009 
0.961 
0.005 
0.900 
0.008 
0.745 
0.017 
0.745 
0.038 
0.772 
0.048 
0.911 
0.004 
0.911 
0.005 
0.728 
0.007 
0.278 
0.008 
0.278 
0.021 
0.468 
0.024 
0.941 
0.004 
0.941 
0.063 
0.848 
0.080 
0.443 
0.010 
0.443 
0.019 
0.408 
0.031 
0.900 
0.033 
0.900 
0.049 
0.940 
0.086 
0.681 
0.027 
0.681 
0.007 
0.570 
0.006 
0.699 
0.012 
0.699 
0.008 
0.532 
0.039 
0.942 
0.086 
0.942 
0.006 
0.968 
0.037 
0.308 
0.011 
0.308 
0.006 
0.354 
0.008 
0.612 
0.013 
0.612 
0.033 
0.569 
0.096 
0.687 
0.060 
0.687 
0.005 
0.904 
0.014 
0.968 
0.017 
0.968 
0.016 
0.940 
0.026 
0.700 
0.009 
0.700 
0.003 
0.696 
0.007 
0.578 
0.021 
0.578 
0.001 
0.603 
0.010 
0.309 
0.003 
0.309 
0.001 
0.476 
0.009 
0.875 
0.092 
0.875 
0.007 
0.768 
0.004 
0.947 
0.021 
0.947 
0.013 
0.966 
0.074 
0.932 
0.023 
0.932 
0.038 
0.923 
0.230 
0.977 
0.025 
0.977 
0.997 
0.978 
0.977 
0.939 
0.138 
0.939 
0.997 
0.951 
0.986 
0.961 
0.143 
0.961 
0.994 
0.968 
0.993 
0.795 
0.485 
0.795 
0.987 
0.769 
0.927 
0.565 
0.149 
0.565 
0.955 
0.751 
0.213 
0.505 
0.011 
0.505 
0.973 
0.824 
0.964 
0.962 
0.153 
0.962 
0.332 
0.975 
0.485 
0.799 
0.052 
0.799 
0.050 
0.588 
0.051 
0.885 
0.057 
0.885 
0.935 
0.863 
0.807 
0.854 
0.009 
0.854 
0.272 
0.931 
0.263 
0.951 
0.045 
0.951 
0.942 
0.965 
0.949 
0.928 
0.041 
0.928 
0.548 
0.924 
0.759 
0.705 
0.008 
0.705 
0.729 
0.559 
0.464 
0.781 
0.067 
0.781 
0.308 
0.675 
0.181 
0.979 
0.027 
0.979 
0.457 
0.917 
0.652 
0.986 
0.333 
0.986 
0.764 
0.984 
0.764 
0.980 
0.034 
0.980 
0.173 
0.986 
0.457 
0.978 
0.149 
0.978 
0.092 
0.951 
0.084 
0.896 
0.053 
0.896 
0.195 
0.947 
0.219 
0.874 
0.032 
0.874 
0.205 
0.896 
0.158 
0.925 
0.028 
0.925 
0.865 
0.936 
0.950 
0.330 
0.282 
0.330 
0.970 
0.153 
0.675 
0.738 
0.038 
0.738 
0.983 
0.936 
0.817 
0.904 
0.016 
0.904 
0.998 
0.927 
0.858 
0.985 
0.302 
0.985 
0.990 
0.968 
0.759 
0.910 
0.024 
0.910 
0.995 
0.916 
0.955 
0.955 
0.132 
0.955 
0.995 
0.972 
0.976 
0.925 
0.169 
0.925 
0.992 
0.927 
0.979 
0.894 
0.044 
0.894 
0.996 
0.551 
0.970 
0.944 
0.104 
0.944 
0.992 
0.958 
0.947 
0.986 
0.124 
0.986 
0.996 
0.968 
0.982 
0.986 
0.077 
0.986 
0.939 
0.992 
0.822 
0.846 
0.022 
0.846 
0.974 
0.918 
0.948 
0.947 
0.111 
0.947 
0.991 
0.947 
0.789 
0.978 
0.030 
0.978 
0.997 
0.978 
0.971 
0.855 
0.074 
0.855 
0.997 
0.932 
0.940 
0.985 
0.116 
0.985 
0.996 
0.986 
0.992 
0.981 
0.119 
0.981 
0.998 
0.981 
0.984 
0.963 
0.068 
0.963 
0.996 
0.975 
0.981 
0.858 
0.033 
0.858 
0.974 
0.929 
0.758 
0.882 
0.201 
0.882 
0.991 
0.919 
0.942 
0.634 
0.022 
0.634 
0.994 
0.798 
0.909 
0.045 
0.072 
0.045 
0.987 
0.040 
0.834 
0.026 
0.089 
0.026 
0.990 
0.029 
0.968 
0.024 
0.010 
0.024 
0.992 
0.027 
0.962 
0.008 
0.048 
0.008 
0.992 
0.004 
0.645 
0.230 
0.007 
0.230 
0.990 
0.081 
0.841 
0.024 
0.030 
0.024 
0.994 
0.008 
0.815 
0.041 
0.018 
0.041 
0.991 
0.079 
0.561 
0.016 
0.004 
0.016 
0.990 
0.005 
0.635 
0.003 
0.026 
0.003 
0.991 
0.001 
0.536 
0.030 
0.045 
0.030 
0.984 
0.012 
0.924 
0.009 
0.000 
0.009 
0.995 
0.009 
0.328 
0.007 
0.016 
0.007 
0.990 
0.004 
0.395 
0.027 
0.052 
0.027 
0.983 
0.010 
0.422 
0.016 
0.013 
0.016 
0.989 
0.015 
0.850 
0.009 
0.094 
0.009 
0.959 
0.069 
0.882 
0.098 
0.131 
0.098 
0.990 
0.021 
0.741 
0.019 
0.044 
0.019 
0.989 
0.016 
0.484 
0.122 
0.202 
0.122 
0.990 
0.079 
0.976 
0.001 
0.024 
0.001 
0.979 
0.001 
0.893 
0.007 
0.041 
0.007 
0.954 
0.003 
0.315 
0.027 
0.016 
0.027 
0.978 
0.015 
0.816 
0.037 
0.016 
0.037 
0.974 
0.048 
0.772 
0.090 
0.029 
0.090 
0.986 
0.091 
0.960 
0.035 
0.036 
0.035 
0.980 
0.039 
0.450 
